<?xml version="1.0" encoding="UTF-8"?>
<coverage generated="1770905235764" clover="3.2.0">
  <project timestamp="1770905235764" name="All files">
    <metrics statements="87" coveredstatements="40" conditionals="65" coveredconditionals="29" methods="22" coveredmethods="9" elements="174" coveredelements="78" complexity="0" loc="87" ncloc="87" packages="2" files="2" classes="2"/>
    <package name="src">
      <metrics statements="58" coveredstatements="12" conditionals="31" coveredconditionals="5" methods="14" coveredmethods="2"/>
      <file name="app.js" path="C:\Users\Lauta\Desktop\ORT\Taller Ing software\Taller de desarollo\src\app.js">
        <metrics statements="58" coveredstatements="12" conditionals="31" coveredconditionals="5" methods="14" coveredmethods="2"/>
        <line num="5" count="2" type="stmt"/>
        <line num="6" count="2" type="stmt"/>
        <line num="7" count="2" type="stmt"/>
        <line num="9" count="2" type="cond" truecount="4" falsecount="0"/>
        <line num="10" count="1" type="stmt"/>
        <line num="11" count="1" type="stmt"/>
        <line num="13" count="1" type="stmt"/>
        <line num="19" count="1" type="stmt"/>
        <line num="23" count="0" type="cond" truecount="0" falsecount="2"/>
        <line num="25" count="0" type="cond" truecount="0" falsecount="2"/>
        <line num="26" count="0" type="stmt"/>
        <line num="27" count="0" type="stmt"/>
        <line num="32" count="0" type="stmt"/>
        <line num="33" count="0" type="stmt"/>
        <line num="34" count="0" type="stmt"/>
        <line num="37" count="0" type="cond" truecount="0" falsecount="2"/>
        <line num="41" count="0" type="cond" truecount="0" falsecount="2"/>
        <line num="42" count="0" type="stmt"/>
        <line num="44" count="0" type="stmt"/>
        <line num="48" count="0" type="cond" truecount="0" falsecount="2"/>
        <line num="49" count="0" type="stmt"/>
        <line num="50" count="0" type="stmt"/>
        <line num="51" count="0" type="stmt"/>
        <line num="53" count="0" type="cond" truecount="0" falsecount="2"/>
        <line num="54" count="0" type="stmt"/>
        <line num="59" count="0" type="stmt"/>
        <line num="62" count="0" type="stmt"/>
        <line num="63" count="0" type="stmt"/>
        <line num="64" count="0" type="cond" truecount="0" falsecount="2"/>
        <line num="65" count="0" type="cond" truecount="0" falsecount="2"/>
        <line num="67" count="0" type="stmt"/>
        <line num="83" count="0" type="stmt"/>
        <line num="87" count="0" type="stmt"/>
        <line num="88" count="0" type="stmt"/>
        <line num="89" count="0" type="stmt"/>
        <line num="91" count="0" type="cond" truecount="0" falsecount="2"/>
        <line num="92" count="0" type="stmt"/>
        <line num="94" count="0" type="stmt"/>
        <line num="95" count="0" type="stmt"/>
        <line num="99" count="0" type="stmt"/>
        <line num="100" count="0" type="stmt"/>
        <line num="101" count="0" type="cond" truecount="0" falsecount="2"/>
        <line num="102" count="0" type="stmt"/>
        <line num="103" count="0" type="stmt"/>
        <line num="106" count="0" type="stmt"/>
        <line num="107" count="0" type="stmt"/>
        <line num="108" count="0" type="stmt"/>
        <line num="111" count="0" type="stmt"/>
        <line num="112" count="0" type="stmt"/>
        <line num="113" count="0" type="stmt"/>
        <line num="116" count="0" type="stmt"/>
        <line num="117" count="0" type="stmt"/>
        <line num="118" count="0" type="stmt"/>
        <line num="121" count="0" type="stmt"/>
        <line num="125" count="1" type="stmt"/>
        <line num="126" count="1" type="stmt"/>
        <line num="130" count="1" type="cond" truecount="1" falsecount="1"/>
        <line num="131" count="1" type="stmt"/>
      </file>
    </package>
    <package name="src.core">
      <metrics statements="29" coveredstatements="28" conditionals="34" coveredconditionals="24" methods="8" coveredmethods="7"/>
      <file name="script-utils.js" path="C:\Users\Lauta\Desktop\ORT\Taller Ing software\Taller de desarollo\src\core\script-utils.js">
        <metrics statements="29" coveredstatements="28" conditionals="34" coveredconditionals="24" methods="8" coveredmethods="7"/>
        <line num="10" count="7" type="stmt"/>
        <line num="11" count="217" type="stmt"/>
        <line num="12" count="217" type="cond" truecount="2" falsecount="0"/>
        <line num="13" count="217" type="stmt"/>
        <line num="26" count="6" type="stmt"/>
        <line num="28" count="9" type="cond" truecount="3" falsecount="0"/>
        <line num="39" count="7" type="stmt"/>
        <line num="41" count="7" type="cond" truecount="2" falsecount="0"/>
        <line num="43" count="6" type="stmt"/>
        <line num="44" count="6" type="stmt"/>
        <line num="47" count="6" type="cond" truecount="2" falsecount="0"/>
        <line num="48" count="1" type="stmt"/>
        <line num="51" count="5" type="stmt"/>
        <line num="52" count="5" type="cond" truecount="2" falsecount="0"/>
        <line num="55" count="5" type="cond" truecount="2" falsecount="0"/>
        <line num="57" count="5" type="stmt"/>
        <line num="58" count="53" type="stmt"/>
        <line num="59" count="53" type="cond" truecount="2" falsecount="0"/>
        <line num="60" count="53" type="stmt"/>
        <line num="61" count="53" type="stmt"/>
        <line num="62" count="53" type="stmt"/>
        <line num="65" count="5" type="stmt"/>
        <line num="75" count="5" type="cond" truecount="4" falsecount="0"/>
        <line num="76" count="3" type="stmt"/>
        <line num="78" count="2" type="stmt"/>
        <line num="87" count="0" type="stmt"/>
        <line num="104" count="4" type="stmt"/>
        <line num="117" count="1" type="cond" truecount="3" falsecount="1"/>
        <line num="118" count="1" type="stmt"/>
      </file>
    </package>
  </project>
</coverage>
