{"C:\\Users\\Lauta\\Desktop\\ORT\\Taller Ing software\\Taller de desarollo\\src\\app.js": {"path":"C:\\Users\\Lauta\\Desktop\\ORT\\Taller Ing software\\Taller de desarollo\\src\\app.js","statementMap":{"0":{"start":{"line":5,"column":15},"end":{"line":5,"column":55}},"1":{"start":{"line":6,"column":15},"end":{"line":6,"column":56}},"2":{"start":{"line":7,"column":16},"end":{"line":7,"column":53}},"3":{"start":{"line":9,"column":2},"end":{"line":14,"column":3}},"4":{"start":{"line":10,"column":4},"end":{"line":10,"column":41}},"5":{"start":{"line":11,"column":4},"end":{"line":11,"column":41}},"6":{"start":{"line":13,"column":4},"end":{"line":13,"column":59}},"7":{"start":{"line":19,"column":0},"end":{"line":122,"column":3}},"8":{"start":{"line":23,"column":2},"end":{"line":23,"column":63}},"9":{"start":{"line":23,"column":56},"end":{"line":23,"column":63}},"10":{"start":{"line":25,"column":2},"end":{"line":28,"column":3}},"11":{"start":{"line":26,"column":4},"end":{"line":26,"column":41}},"12":{"start":{"line":27,"column":4},"end":{"line":27,"column":11}},"13":{"start":{"line":32,"column":20},"end":{"line":32,"column":56}},"14":{"start":{"line":33,"column":25},"end":{"line":33,"column":27}},"15":{"start":{"line":34,"column":25},"end":{"line":34,"column":30}},"16":{"start":{"line":37,"column":4},"end":{"line":37,"column":62}},"17":{"start":{"line":41,"column":4},"end":{"line":43,"column":5}},"18":{"start":{"line":42,"column":6},"end":{"line":42,"column":22}},"19":{"start":{"line":44,"column":4},"end":{"line":44,"column":60}},"20":{"start":{"line":44,"column":34},"end":{"line":44,"column":58}},"21":{"start":{"line":48,"column":24},"end":{"line":48,"column":53}},"22":{"start":{"line":49,"column":4},"end":{"line":49,"column":52}},"23":{"start":{"line":50,"column":4},"end":{"line":50,"column":37}},"24":{"start":{"line":51,"column":4},"end":{"line":51,"column":29}},"25":{"start":{"line":53,"column":4},"end":{"line":60,"column":5}},"26":{"start":{"line":54,"column":6},"end":{"line":58,"column":14}},"27":{"start":{"line":59,"column":6},"end":{"line":59,"column":13}},"28":{"start":{"line":62,"column":4},"end":{"line":84,"column":7}},"29":{"start":{"line":63,"column":19},"end":{"line":63,"column":47}},"30":{"start":{"line":64,"column":21},"end":{"line":64,"column":51}},"31":{"start":{"line":65,"column":26},"end":{"line":65,"column":77}},"32":{"start":{"line":67,"column":6},"end":{"line":81,"column":14}},"33":{"start":{"line":83,"column":6},"end":{"line":83,"column":34}},"34":{"start":{"line":87,"column":2},"end":{"line":97,"column":4}},"35":{"start":{"line":88,"column":21},"end":{"line":88,"column":38}},"36":{"start":{"line":89,"column":20},"end":{"line":89,"column":53}},"37":{"start":{"line":89,"column":41},"end":{"line":89,"column":52}},"38":{"start":{"line":91,"column":4},"end":{"line":96,"column":5}},"39":{"start":{"line":92,"column":6},"end":{"line":93,"column":68}},"40":{"start":{"line":94,"column":6},"end":{"line":94,"column":65}},"41":{"start":{"line":95,"column":6},"end":{"line":95,"column":23}},"42":{"start":{"line":99,"column":2},"end":{"line":109,"column":4}},"43":{"start":{"line":100,"column":24},"end":{"line":100,"column":68}},"44":{"start":{"line":101,"column":4},"end":{"line":104,"column":5}},"45":{"start":{"line":102,"column":6},"end":{"line":102,"column":23}},"46":{"start":{"line":103,"column":6},"end":{"line":103,"column":13}},"47":{"start":{"line":106,"column":21},"end":{"line":106,"column":38}},"48":{"start":{"line":107,"column":30},"end":{"line":107,"column":77}},"49":{"start":{"line":107,"column":53},"end":{"line":107,"column":76}},"50":{"start":{"line":108,"column":4},"end":{"line":108,"column":38}},"51":{"start":{"line":111,"column":2},"end":{"line":114,"column":4}},"52":{"start":{"line":112,"column":4},"end":{"line":112,"column":75}},"53":{"start":{"line":113,"column":4},"end":{"line":113,"column":21}},"54":{"start":{"line":116,"column":2},"end":{"line":119,"column":4}},"55":{"start":{"line":117,"column":4},"end":{"line":117,"column":54}},"56":{"start":{"line":118,"column":4},"end":{"line":118,"column":21}},"57":{"start":{"line":121,"column":2},"end":{"line":121,"column":19}},"58":{"start":{"line":125,"column":2},"end":{"line":125,"column":33}},"59":{"start":{"line":126,"column":2},"end":{"line":126,"column":39}},"60":{"start":{"line":130,"column":0},"end":{"line":132,"column":1}},"61":{"start":{"line":131,"column":2},"end":{"line":131,"column":37}}},"fnMap":{"0":{"name":"login","decl":{"start":{"line":4,"column":9},"end":{"line":4,"column":14}},"loc":{"start":{"line":4,"column":17},"end":{"line":15,"column":1}},"line":4},"1":{"name":"(anonymous_1)","decl":{"start":{"line":19,"column":46},"end":{"line":19,"column":47}},"loc":{"start":{"line":19,"column":52},"end":{"line":122,"column":1}},"line":19},"2":{"name":"obtenerReservas","decl":{"start":{"line":36,"column":11},"end":{"line":36,"column":26}},"loc":{"start":{"line":36,"column":29},"end":{"line":38,"column":3}},"line":36},"3":{"name":"filtrarPorEstado","decl":{"start":{"line":40,"column":11},"end":{"line":40,"column":27}},"loc":{"start":{"line":40,"column":38},"end":{"line":45,"column":3}},"line":40},"4":{"name":"(anonymous_4)","decl":{"start":{"line":44,"column":27},"end":{"line":44,"column":28}},"loc":{"start":{"line":44,"column":34},"end":{"line":44,"column":58}},"line":44},"5":{"name":"renderReservas","decl":{"start":{"line":47,"column":11},"end":{"line":47,"column":25}},"loc":{"start":{"line":47,"column":43},"end":{"line":85,"column":3}},"line":47},"6":{"name":"(anonymous_6)","decl":{"start":{"line":62,"column":26},"end":{"line":62,"column":27}},"loc":{"start":{"line":62,"column":39},"end":{"line":84,"column":5}},"line":62},"7":{"name":"(anonymous_7)","decl":{"start":{"line":87,"column":25},"end":{"line":87,"column":26}},"loc":{"start":{"line":87,"column":39},"end":{"line":97,"column":3}},"line":87},"8":{"name":"(anonymous_8)","decl":{"start":{"line":89,"column":34},"end":{"line":89,"column":35}},"loc":{"start":{"line":89,"column":41},"end":{"line":89,"column":52}},"line":89},"9":{"name":"(anonymous_9)","decl":{"start":{"line":99,"column":27},"end":{"line":99,"column":28}},"loc":{"start":{"line":99,"column":39},"end":{"line":109,"column":3}},"line":99},"10":{"name":"(anonymous_10)","decl":{"start":{"line":107,"column":46},"end":{"line":107,"column":47}},"loc":{"start":{"line":107,"column":53},"end":{"line":107,"column":76}},"line":107},"11":{"name":"(anonymous_11)","decl":{"start":{"line":111,"column":27},"end":{"line":111,"column":28}},"loc":{"start":{"line":111,"column":39},"end":{"line":114,"column":3}},"line":111},"12":{"name":"(anonymous_12)","decl":{"start":{"line":116,"column":25},"end":{"line":116,"column":26}},"loc":{"start":{"line":116,"column":37},"end":{"line":119,"column":3}},"line":116},"13":{"name":"logout","decl":{"start":{"line":124,"column":9},"end":{"line":124,"column":15}},"loc":{"start":{"line":124,"column":18},"end":{"line":127,"column":1}},"line":124}},"branchMap":{"0":{"loc":{"start":{"line":9,"column":2},"end":{"line":14,"column":3}},"type":"if","locations":[{"start":{"line":9,"column":2},"end":{"line":14,"column":3}},{"start":{"line":12,"column":9},"end":{"line":14,"column":3}}],"line":9},"1":{"loc":{"start":{"line":9,"column":6},"end":{"line":9,"column":45}},"type":"binary-expr","locations":[{"start":{"line":9,"column":6},"end":{"line":9,"column":22}},{"start":{"line":9,"column":26},"end":{"line":9,"column":45}}],"line":9},"2":{"loc":{"start":{"line":23,"column":2},"end":{"line":23,"column":63}},"type":"if","locations":[{"start":{"line":23,"column":2},"end":{"line":23,"column":63}},{"start":{},"end":{}}],"line":23},"3":{"loc":{"start":{"line":25,"column":2},"end":{"line":28,"column":3}},"type":"if","locations":[{"start":{"line":25,"column":2},"end":{"line":28,"column":3}},{"start":{},"end":{}}],"line":25},"4":{"loc":{"start":{"line":37,"column":11},"end":{"line":37,"column":61}},"type":"binary-expr","locations":[{"start":{"line":37,"column":11},"end":{"line":37,"column":55}},{"start":{"line":37,"column":59},"end":{"line":37,"column":61}}],"line":37},"5":{"loc":{"start":{"line":41,"column":4},"end":{"line":43,"column":5}},"type":"if","locations":[{"start":{"line":41,"column":4},"end":{"line":43,"column":5}},{"start":{},"end":{}}],"line":41},"6":{"loc":{"start":{"line":47,"column":26},"end":{"line":47,"column":41}},"type":"default-arg","locations":[{"start":{"line":47,"column":37},"end":{"line":47,"column":41}}],"line":47},"7":{"loc":{"start":{"line":48,"column":24},"end":{"line":48,"column":53}},"type":"binary-expr","locations":[{"start":{"line":48,"column":24},"end":{"line":48,"column":32}},{"start":{"line":48,"column":36},"end":{"line":48,"column":53}}],"line":48},"8":{"loc":{"start":{"line":53,"column":4},"end":{"line":60,"column":5}},"type":"if","locations":[{"start":{"line":53,"column":4},"end":{"line":60,"column":5}},{"start":{},"end":{}}],"line":53},"9":{"loc":{"start":{"line":64,"column":21},"end":{"line":64,"column":51}},"type":"binary-expr","locations":[{"start":{"line":64,"column":21},"end":{"line":64,"column":35}},{"start":{"line":64,"column":39},"end":{"line":64,"column":51}}],"line":64},"10":{"loc":{"start":{"line":65,"column":26},"end":{"line":65,"column":77}},"type":"cond-expr","locations":[{"start":{"line":65,"column":51},"end":{"line":65,"column":62}},{"start":{"line":65,"column":65},"end":{"line":65,"column":77}}],"line":65},"11":{"loc":{"start":{"line":78,"column":26},"end":{"line":78,"column":75}},"type":"cond-expr","locations":[{"start":{"line":78,"column":51},"end":{"line":78,"column":62}},{"start":{"line":78,"column":65},"end":{"line":78,"column":75}}],"line":78},"12":{"loc":{"start":{"line":91,"column":4},"end":{"line":96,"column":5}},"type":"if","locations":[{"start":{"line":91,"column":4},"end":{"line":96,"column":5}},{"start":{},"end":{}}],"line":91},"13":{"loc":{"start":{"line":93,"column":8},"end":{"line":93,"column":67}},"type":"cond-expr","locations":[{"start":{"line":93,"column":41},"end":{"line":93,"column":53}},{"start":{"line":93,"column":56},"end":{"line":93,"column":67}}],"line":93},"14":{"loc":{"start":{"line":101,"column":4},"end":{"line":104,"column":5}},"type":"if","locations":[{"start":{"line":101,"column":4},"end":{"line":104,"column":5}},{"start":{},"end":{}}],"line":101},"15":{"loc":{"start":{"line":130,"column":0},"end":{"line":132,"column":1}},"type":"if","locations":[{"start":{"line":130,"column":0},"end":{"line":132,"column":1}},{"start":{},"end":{}}],"line":130}},"s":{"0":2,"1":2,"2":2,"3":2,"4":1,"5":1,"6":1,"7":1,"8":0,"9":0,"10":0,"11":0,"12":0,"13":0,"14":0,"15":0,"16":0,"17":0,"18":0,"19":0,"20":0,"21":0,"22":0,"23":0,"24":0,"25":0,"26":0,"27":0,"28":0,"29":0,"30":0,"31":0,"32":0,"33":0,"34":0,"35":0,"36":0,"37":0,"38":0,"39":0,"40":0,"41":0,"42":0,"43":0,"44":0,"45":0,"46":0,"47":0,"48":0,"49":0,"50":0,"51":0,"52":0,"53":0,"54":0,"55":0,"56":0,"57":0,"58":1,"59":1,"60":1,"61":1},"f":{"0":2,"1":0,"2":0,"3":0,"4":0,"5":0,"6":0,"7":0,"8":0,"9":0,"10":0,"11":0,"12":0,"13":1},"b":{"0":[1,1],"1":[2,1],"2":[0,0],"3":[0,0],"4":[0,0],"5":[0,0],"6":[0],"7":[0,0],"8":[0,0],"9":[0,0],"10":[0,0],"11":[0,0],"12":[0,0],"13":[0,0],"14":[0,0],"15":[1,0]},"_coverageSchema":"1a1c01bbd47fc00a2c39e90264f33305004495a9","hash":"50ff299225e0be2991ca8bffafbcd312aee01a43"}
,"C:\\Users\\Lauta\\Desktop\\ORT\\Taller Ing software\\Taller de desarollo\\src\\core\\script-utils.js": {"path":"C:\\Users\\Lauta\\Desktop\\ORT\\Taller Ing software\\Taller de desarollo\\src\\core\\script-utils.js","statementMap":{"0":{"start":{"line":10,"column":2},"end":{"line":14,"column":5}},"1":{"start":{"line":11,"column":14},"end":{"line":11,"column":38}},"2":{"start":{"line":12,"column":14},"end":{"line":12,"column":45}},"3":{"start":{"line":13,"column":4},"end":{"line":13,"column":26}},"4":{"start":{"line":26,"column":2},"end":{"line":29,"column":4}},"5":{"start":{"line":28,"column":6},"end":{"line":28,"column":75}},"6":{"start":{"line":39,"column":19},"end":{"line":39,"column":21}},"7":{"start":{"line":41,"column":2},"end":{"line":41,"column":36}},"8":{"start":{"line":41,"column":20},"end":{"line":41,"column":36}},"9":{"start":{"line":43,"column":16},"end":{"line":43,"column":48}},"10":{"start":{"line":44,"column":14},"end":{"line":44,"column":28}},"11":{"start":{"line":47,"column":2},"end":{"line":49,"column":3}},"12":{"start":{"line":48,"column":4},"end":{"line":48,"column":20}},"13":{"start":{"line":51,"column":21},"end":{"line":51,"column":22}},"14":{"start":{"line":52,"column":18},"end":{"line":52,"column":39}},"15":{"start":{"line":55,"column":21},"end":{"line":55,"column":76}},"16":{"start":{"line":57,"column":2},"end":{"line":63,"column":3}},"17":{"start":{"line":57,"column":18},"end":{"line":57,"column":28}},"18":{"start":{"line":58,"column":14},"end":{"line":58,"column":30}},"19":{"start":{"line":59,"column":14},"end":{"line":59,"column":37}},"20":{"start":{"line":60,"column":17},"end":{"line":60,"column":43}},"21":{"start":{"line":61,"column":17},"end":{"line":61,"column":43}},"22":{"start":{"line":62,"column":4},"end":{"line":62,"column":37}},"23":{"start":{"line":65,"column":2},"end":{"line":65,"column":18}},"24":{"start":{"line":75,"column":2},"end":{"line":77,"column":3}},"25":{"start":{"line":76,"column":4},"end":{"line":76,"column":14}},"26":{"start":{"line":78,"column":2},"end":{"line":78,"column":33}},"27":{"start":{"line":87,"column":2},"end":{"line":95,"column":4}},"28":{"start":{"line":104,"column":2},"end":{"line":113,"column":4}},"29":{"start":{"line":117,"column":0},"end":{"line":126,"column":1}},"30":{"start":{"line":118,"column":2},"end":{"line":125,"column":4}}},"fnMap":{"0":{"name":"generarUUID","decl":{"start":{"line":9,"column":9},"end":{"line":9,"column":20}},"loc":{"start":{"line":9,"column":23},"end":{"line":15,"column":1}},"line":9},"1":{"name":"(anonymous_1)","decl":{"start":{"line":10,"column":65},"end":{"line":10,"column":66}},"loc":{"start":{"line":10,"column":78},"end":{"line":14,"column":3}},"line":10},"2":{"name":"profesionalDisponible","decl":{"start":{"line":25,"column":9},"end":{"line":25,"column":30}},"loc":{"start":{"line":25,"column":72},"end":{"line":30,"column":1}},"line":25},"3":{"name":"(anonymous_3)","decl":{"start":{"line":27,"column":4},"end":{"line":27,"column":5}},"loc":{"start":{"line":28,"column":6},"end":{"line":28,"column":75}},"line":28},"4":{"name":"generarHorariosDisponibles","decl":{"start":{"line":38,"column":9},"end":{"line":38,"column":35}},"loc":{"start":{"line":38,"column":80},"end":{"line":66,"column":1}},"line":38},"5":{"name":"obtenerProfesionales","decl":{"start":{"line":74,"column":9},"end":{"line":74,"column":29}},"loc":{"start":{"line":74,"column":55},"end":{"line":79,"column":1}},"line":74},"6":{"name":"validarFormulario","decl":{"start":{"line":86,"column":9},"end":{"line":86,"column":26}},"loc":{"start":{"line":86,"column":34},"end":{"line":96,"column":1}},"line":86},"7":{"name":"crearReserva","decl":{"start":{"line":103,"column":9},"end":{"line":103,"column":21}},"loc":{"start":{"line":103,"column":29},"end":{"line":114,"column":1}},"line":103}},"branchMap":{"0":{"loc":{"start":{"line":12,"column":14},"end":{"line":12,"column":45}},"type":"cond-expr","locations":[{"start":{"line":12,"column":26},"end":{"line":12,"column":27}},{"start":{"line":12,"column":30},"end":{"line":12,"column":45}}],"line":12},"1":{"loc":{"start":{"line":25,"column":57},"end":{"line":25,"column":70}},"type":"default-arg","locations":[{"start":{"line":25,"column":68},"end":{"line":25,"column":70}}],"line":25},"2":{"loc":{"start":{"line":28,"column":6},"end":{"line":28,"column":75}},"type":"binary-expr","locations":[{"start":{"line":28,"column":6},"end":{"line":28,"column":23}},{"start":{"line":28,"column":27},"end":{"line":28,"column":42}},{"start":{"line":28,"column":46},"end":{"line":28,"column":75}}],"line":28},"3":{"loc":{"start":{"line":38,"column":49},"end":{"line":38,"column":78}},"type":"default-arg","locations":[{"start":{"line":38,"column":64},"end":{"line":38,"column":78}}],"line":38},"4":{"loc":{"start":{"line":41,"column":2},"end":{"line":41,"column":36}},"type":"if","locations":[{"start":{"line":41,"column":2},"end":{"line":41,"column":36}},{"start":{},"end":{}}],"line":41},"5":{"loc":{"start":{"line":47,"column":2},"end":{"line":49,"column":3}},"type":"if","locations":[{"start":{"line":47,"column":2},"end":{"line":49,"column":3}},{"start":{},"end":{}}],"line":47},"6":{"loc":{"start":{"line":52,"column":18},"end":{"line":52,"column":39}},"type":"cond-expr","locations":[{"start":{"line":52,"column":30},"end":{"line":52,"column":34}},{"start":{"line":52,"column":37},"end":{"line":52,"column":39}}],"line":52},"7":{"loc":{"start":{"line":55,"column":21},"end":{"line":55,"column":76}},"type":"cond-expr","locations":[{"start":{"line":55,"column":69},"end":{"line":55,"column":70}},{"start":{"line":55,"column":73},"end":{"line":55,"column":76}}],"line":55},"8":{"loc":{"start":{"line":59,"column":14},"end":{"line":59,"column":37}},"type":"cond-expr","locations":[{"start":{"line":59,"column":31},"end":{"line":59,"column":32}},{"start":{"line":59,"column":35},"end":{"line":59,"column":37}}],"line":59},"9":{"loc":{"start":{"line":75,"column":2},"end":{"line":77,"column":3}},"type":"if","locations":[{"start":{"line":75,"column":2},"end":{"line":77,"column":3}},{"start":{},"end":{}}],"line":75},"10":{"loc":{"start":{"line":75,"column":6},"end":{"line":75,"column":39}},"type":"binary-expr","locations":[{"start":{"line":75,"column":6},"end":{"line":75,"column":11}},{"start":{"line":75,"column":15},"end":{"line":75,"column":39}}],"line":75},"11":{"loc":{"start":{"line":88,"column":4},"end":{"line":94,"column":21}},"type":"binary-expr","locations":[{"start":{"line":88,"column":4},"end":{"line":88,"column":15}},{"start":{"line":89,"column":4},"end":{"line":89,"column":17}},{"start":{"line":90,"column":4},"end":{"line":90,"column":18}},{"start":{"line":91,"column":4},"end":{"line":91,"column":15}},{"start":{"line":92,"column":4},"end":{"line":92,"column":14}},{"start":{"line":93,"column":4},"end":{"line":93,"column":18}},{"start":{"line":94,"column":4},"end":{"line":94,"column":21}}],"line":88},"12":{"loc":{"start":{"line":105,"column":8},"end":{"line":105,"column":33}},"type":"binary-expr","locations":[{"start":{"line":105,"column":8},"end":{"line":105,"column":16}},{"start":{"line":105,"column":20},"end":{"line":105,"column":33}}],"line":105},"13":{"loc":{"start":{"line":117,"column":0},"end":{"line":126,"column":1}},"type":"if","locations":[{"start":{"line":117,"column":0},"end":{"line":126,"column":1}},{"start":{},"end":{}}],"line":117},"14":{"loc":{"start":{"line":117,"column":4},"end":{"line":117,"column":51}},"type":"binary-expr","locations":[{"start":{"line":117,"column":4},"end":{"line":117,"column":33}},{"start":{"line":117,"column":37},"end":{"line":117,"column":51}}],"line":117}},"s":{"0":7,"1":217,"2":217,"3":217,"4":6,"5":9,"6":7,"7":7,"8":1,"9":6,"10":6,"11":6,"12":1,"13":5,"14":5,"15":5,"16":5,"17":5,"18":53,"19":53,"20":53,"21":53,"22":53,"23":5,"24":5,"25":3,"26":2,"27":0,"28":4,"29":1,"30":1},"f":{"0":7,"1":217,"2":6,"3":9,"4":7,"5":5,"6":0,"7":4},"b":{"0":[210,7],"1":[0],"2":[9,7,2],"3":[0],"4":[1,6],"5":[1,5],"6":[1,4],"7":[4,1],"8":[44,9],"9":[3,2],"10":[5,3],"11":[0,0,0,0,0,0,0],"12":[4,3],"13":[1,0],"14":[1,1]},"_coverageSchema":"1a1c01bbd47fc00a2c39e90264f33305004495a9","hash":"5e2b8510dc423ae8d4618c0015293f9d6cc3f3cf"}
}
