TN:
SF:src\app.js
FN:4,login
FN:19,(anonymous_1)
FN:36,obtenerReservas
FN:40,filtrarPorEstado
FN:44,(anonymous_4)
FN:47,renderReservas
FN:62,(anonymous_6)
FN:87,(anonymous_7)
FN:89,(anonymous_8)
FN:99,(anonymous_9)
FN:107,(anonymous_10)
FN:111,(anonymous_11)
FN:116,(anonymous_12)
FN:124,logout
FNF:14
FNH:2
FNDA:2,login
FNDA:0,(anonymous_1)
FNDA:0,obtenerReservas
FNDA:0,filtrarPorEstado
FNDA:0,(anonymous_4)
FNDA:0,renderReservas
FNDA:0,(anonymous_6)
FNDA:0,(anonymous_7)
FNDA:0,(anonymous_8)
FNDA:0,(anonymous_9)
FNDA:0,(anonymous_10)
FNDA:0,(anonymous_11)
FNDA:0,(anonymous_12)
FNDA:1,logout
DA:5,2
DA:6,2
DA:7,2
DA:9,2
DA:10,1
DA:11,1
DA:13,1
DA:19,1
DA:23,0
DA:25,0
DA:26,0
DA:27,0
DA:32,0
DA:33,0
DA:34,0
DA:37,0
DA:41,0
DA:42,0
DA:44,0
DA:48,0
DA:49,0
DA:50,0
DA:51,0
DA:53,0
DA:54,0
DA:59,0
DA:62,0
DA:63,0
DA:64,0
DA:65,0
DA:67,0
DA:83,0
DA:87,0
DA:88,0
DA:89,0
DA:91,0
DA:92,0
DA:94,0
DA:95,0
DA:99,0
DA:100,0
DA:101,0
DA:102,0
DA:103,0
DA:106,0
DA:107,0
DA:108,0
DA:111,0
DA:112,0
DA:113,0
DA:116,0
DA:117,0
DA:118,0
DA:121,0
DA:125,1
DA:126,1
DA:130,1
DA:131,1
LF:58
LH:12
BRDA:9,0,0,1
BRDA:9,0,1,1
BRDA:9,1,0,2
BRDA:9,1,1,1
BRDA:23,2,0,0
BRDA:23,2,1,0
BRDA:25,3,0,0
BRDA:25,3,1,0
BRDA:37,4,0,0
BRDA:37,4,1,0
BRDA:41,5,0,0
BRDA:41,5,1,0
BRDA:47,6,0,0
BRDA:48,7,0,0
BRDA:48,7,1,0
BRDA:53,8,0,0
BRDA:53,8,1,0
BRDA:64,9,0,0
BRDA:64,9,1,0
BRDA:65,10,0,0
BRDA:65,10,1,0
BRDA:78,11,0,0
BRDA:78,11,1,0
BRDA:91,12,0,0
BRDA:91,12,1,0
BRDA:93,13,0,0
BRDA:93,13,1,0
BRDA:101,14,0,0
BRDA:101,14,1,0
BRDA:130,15,0,1
BRDA:130,15,1,0
BRF:31
BRH:5
end_of_record
TN:
SF:src\core\script-utils.js
FN:9,generarUUID
FN:10,(anonymous_1)
FN:25,profesionalDisponible
FN:27,(anonymous_3)
FN:38,generarHorariosDisponibles
FN:74,obtenerProfesionales
FN:86,validarFormulario
FN:103,crearReserva
FNF:8
FNH:7
FNDA:7,generarUUID
FNDA:217,(anonymous_1)
FNDA:6,profesionalDisponible
FNDA:9,(anonymous_3)
FNDA:7,generarHorariosDisponibles
FNDA:5,obtenerProfesionales
FNDA:0,validarFormulario
FNDA:4,crearReserva
DA:10,7
DA:11,217
DA:12,217
DA:13,217
DA:26,6
DA:28,9
DA:39,7
DA:41,7
DA:43,6
DA:44,6
DA:47,6
DA:48,1
DA:51,5
DA:52,5
DA:55,5
DA:57,5
DA:58,53
DA:59,53
DA:60,53
DA:61,53
DA:62,53
DA:65,5
DA:75,5
DA:76,3
DA:78,2
DA:87,0
DA:104,4
DA:117,1
DA:118,1
LF:29
LH:28
BRDA:12,0,0,210
BRDA:12,0,1,7
BRDA:25,1,0,0
BRDA:28,2,0,9
BRDA:28,2,1,7
BRDA:28,2,2,2
BRDA:38,3,0,0
BRDA:41,4,0,1
BRDA:41,4,1,6
BRDA:47,5,0,1
BRDA:47,5,1,5
BRDA:52,6,0,1
BRDA:52,6,1,4
BRDA:55,7,0,4
BRDA:55,7,1,1
BRDA:59,8,0,44
BRDA:59,8,1,9
BRDA:75,9,0,3
BRDA:75,9,1,2
BRDA:75,10,0,5
BRDA:75,10,1,3
BRDA:88,11,0,0
BRDA:88,11,1,0
BRDA:88,11,2,0
BRDA:88,11,3,0
BRDA:88,11,4,0
BRDA:88,11,5,0
BRDA:88,11,6,0
BRDA:105,12,0,4
BRDA:105,12,1,3
BRDA:117,13,0,1
BRDA:117,13,1,0
BRDA:117,14,0,1
BRDA:117,14,1,1
BRF:34
BRH:24
end_of_record
